[26-Nov-2025 07:01:18 Europe/Berlin] PHP Fatal error:  Uncaught Error: Class "MongoDB\Driver\Manager" not found in C:\Xammp\htdocs\internship_app\assets\php\vendor\mongodb\mongodb\src\Client.php:142
Stack trace:
#0 C:\Xammp\htdocs\internship_app\assets\php\config.php(67): MongoDB\Client->__construct('mongodb+srv://a...')
#1 C:\Xammp\htdocs\internship_app\assets\php\register.php(5): require_once('C:\\Xammp\\htdocs...')
#2 {main}
  thrown in C:\Xammp\htdocs\internship_app\assets\php\vendor\mongodb\mongodb\src\Client.php on line 142
[26-Nov-2025 07:01:20 Europe/Berlin] PHP Fatal error:  Uncaught Error: Class "MongoDB\Driver\Manager" not found in C:\Xammp\htdocs\internship_app\assets\php\vendor\mongodb\mongodb\src\Client.php:142
Stack trace:
#0 C:\Xammp\htdocs\internship_app\assets\php\config.php(67): MongoDB\Client->__construct('mongodb+srv://a...')
#1 C:\Xammp\htdocs\internship_app\assets\php\register.php(5): require_once('C:\\Xammp\\htdocs...')
#2 {main}
  thrown in C:\Xammp\htdocs\internship_app\assets\php\vendor\mongodb\mongodb\src\Client.php on line 142
[26-Nov-2025 07:01:21 Europe/Berlin] PHP Fatal error:  Uncaught Error: Class "MongoDB\Driver\Manager" not found in C:\Xammp\htdocs\internship_app\assets\php\vendor\mongodb\mongodb\src\Client.php:142
Stack trace:
#0 C:\Xammp\htdocs\internship_app\assets\php\config.php(67): MongoDB\Client->__construct('mongodb+srv://a...')
#1 C:\Xammp\htdocs\internship_app\assets\php\register.php(5): require_once('C:\\Xammp\\htdocs...')
#2 {main}
  thrown in C:\Xammp\htdocs\internship_app\assets\php\vendor\mongodb\mongodb\src\Client.php on line 142
[26-Nov-2025 07:02:45 Europe/Berlin] PHP Fatal error:  Uncaught Error: Class "MongoDB\Driver\Manager" not found in C:\Xammp\htdocs\internship_app\assets\php\vendor\mongodb\mongodb\src\Client.php:142
Stack trace:
#0 C:\Xammp\htdocs\internship_app\assets\php\config.php(67): MongoDB\Client->__construct('mongodb+srv://a...')
#1 C:\Xammp\htdocs\internship_app\assets\php\register.php(5): require_once('C:\\Xammp\\htdocs...')
#2 {main}
  thrown in C:\Xammp\htdocs\internship_app\assets\php\vendor\mongodb\mongodb\src\Client.php on line 142
[26-Nov-2025 07:02:52 Europe/Berlin] PHP Fatal error:  Uncaught Error: Class "MongoDB\Driver\Manager" not found in C:\Xammp\htdocs\internship_app\assets\php\vendor\mongodb\mongodb\src\Client.php:142
Stack trace:
#0 C:\Xammp\htdocs\internship_app\assets\php\config.php(67): MongoDB\Client->__construct('mongodb+srv://a...')
#1 C:\Xammp\htdocs\internship_app\assets\php\register.php(5): require_once('C:\\Xammp\\htdocs...')
#2 {main}
  thrown in C:\Xammp\htdocs\internship_app\assets\php\vendor\mongodb\mongodb\src\Client.php on line 142
[26-Nov-2025 07:04:17 Europe/Berlin] PHP Fatal error:  Uncaught Error: Class "MongoDB\Driver\Manager" not found in C:\Xammp\htdocs\internship_app\assets\php\vendor\mongodb\mongodb\src\Client.php:142
Stack trace:
#0 C:\Xammp\htdocs\internship_app\assets\php\config.php(67): MongoDB\Client->__construct('mongodb+srv://a...')
#1 C:\Xammp\htdocs\internship_app\assets\php\register.php(5): require_once('C:\\Xammp\\htdocs...')
#2 {main}
  thrown in C:\Xammp\htdocs\internship_app\assets\php\vendor\mongodb\mongodb\src\Client.php on line 142
[26-Nov-2025 07:11:35 Europe/Berlin] PHP Fatal error:  Uncaught Error: Class "MongoDB\Driver\Manager" not found in C:\Xammp\htdocs\internship_app\assets\php\vendor\mongodb\mongodb\src\Client.php:142
Stack trace:
#0 C:\Xammp\htdocs\internship_app\assets\php\config.php(67): MongoDB\Client->__construct('mongodb+srv://a...')
#1 C:\Xammp\htdocs\internship_app\assets\php\login.php(5): require_once('C:\\Xammp\\htdocs...')
#2 {main}
  thrown in C:\Xammp\htdocs\internship_app\assets\php\vendor\mongodb\mongodb\src\Client.php on line 142
[26-Nov-2025 07:11:37 Europe/Berlin] PHP Fatal error:  Uncaught Error: Class "MongoDB\Driver\Manager" not found in C:\Xammp\htdocs\internship_app\assets\php\vendor\mongodb\mongodb\src\Client.php:142
Stack trace:
#0 C:\Xammp\htdocs\internship_app\assets\php\config.php(67): MongoDB\Client->__construct('mongodb+srv://a...')
#1 C:\Xammp\htdocs\internship_app\assets\php\login.php(5): require_once('C:\\Xammp\\htdocs...')
#2 {main}
  thrown in C:\Xammp\htdocs\internship_app\assets\php\vendor\mongodb\mongodb\src\Client.php on line 142
[26-Nov-2025 07:11:55 Europe/Berlin] PHP Fatal error:  Uncaught Error: Class "MongoDB\Driver\Manager" not found in C:\Xammp\htdocs\internship_app\assets\php\vendor\mongodb\mongodb\src\Client.php:142
Stack trace:
#0 C:\Xammp\htdocs\internship_app\assets\php\config.php(67): MongoDB\Client->__construct('mongodb+srv://a...')
#1 C:\Xammp\htdocs\internship_app\assets\php\login.php(5): require_once('C:\\Xammp\\htdocs...')
#2 {main}
  thrown in C:\Xammp\htdocs\internship_app\assets\php\vendor\mongodb\mongodb\src\Client.php on line 142
[26-Nov-2025 07:12:18 Europe/Berlin] PHP Fatal error:  Uncaught Error: Class "MongoDB\Driver\Manager" not found in C:\Xammp\htdocs\internship_app\assets\php\vendor\mongodb\mongodb\src\Client.php:142
Stack trace:
#0 C:\Xammp\htdocs\internship_app\assets\php\config.php(67): MongoDB\Client->__construct('mongodb+srv://a...')
#1 C:\Xammp\htdocs\internship_app\assets\php\login.php(5): require_once('C:\\Xammp\\htdocs...')
#2 {main}
  thrown in C:\Xammp\htdocs\internship_app\assets\php\vendor\mongodb\mongodb\src\Client.php on line 142
[26-Nov-2025 07:16:06 Europe/Berlin] Registration error: Invalid JSON: Syntax error
[26-Nov-2025 07:19:53 Europe/Berlin] Registration error: Invalid JSON: Syntax error
